2026-03-04 15:31:16,629  WARNING  Market is closed (after 3:30 PM). Exiting.
2026-03-04 15:35:16,244  WARNING  Market is closed (after 3:30 PM). Exiting.
2026-03-04 15:37:03,563  WARNING  Market is closed (after 3:30 PM). Exiting.
2026-03-06 15:10:15,573  INFO  Initializing Kite Connect...
2026-03-06 15:11:05,261  INFO  Initializing Kite Connect...
2026-03-06 15:11:05,262  INFO  Starting reversal scanner | Stocks: 398 stocks
2026-03-06 15:11:05,263  INFO  Parameters → Min move: 1.5% | Target: 2.0% | SL: 1.0%
2026-03-06 15:11:05,263  INFO  Pre-loading opening prices...
2026-03-06 15:13:41,322  INFO  ─── Scan #1 | 15:13:41 ───
2026-03-06 15:20:58,064  INFO  ─── Scan #2 | 15:20:58 ───
2026-03-12 14:22:29,915  INFO  Initializing Kite Connect...
2026-03-12 14:22:29,916  INFO  Starting reversal scanner | Stocks: 463 stocks
2026-03-12 14:22:29,916  INFO  Parameters → Min move: 1.5% | Target: 2.0% | SL: 1.0%
2026-03-12 14:22:29,916  INFO  Pre-loading opening prices...
2026-03-12 14:25:12,878  INFO  ─── Scan #1 | 14:25:12 ───
2026-03-12 14:32:33,947  INFO  ─── Scan #2 | 14:32:33 ───
2026-03-12 14:33:28,879  WARNING  Could not fetch data for ATHERENERG: Too many requests
2026-03-12 14:39:56,352  INFO  ─── Scan #3 | 14:39:56 ───
2026-03-12 14:47:27,343  INFO  ─── Scan #4 | 14:47:27 ───
2026-03-12 14:54:50,455  INFO  ─── Scan #5 | 14:54:50 ───
2026-03-12 15:02:11,225  INFO  ─── Scan #6 | 15:02:11 ───
2026-03-12 15:09:43,155  INFO  ─── Scan #7 | 15:09:43 ───
2026-03-12 15:17:20,272  INFO  ─── Scan #8 | 15:17:20 ───
2026-03-12 15:24:58,190  INFO  ─── Scan #9 | 15:24:58 ───
2026-03-12 15:32:35,387  INFO  Approaching market close (3:25 PM). Stopping scanner.
2026-03-25 10:08:17,981  WARNING  Current time 10:08 is before 13:00. This script is designed for the latter half of the trading day. Exiting.
